<?xml version="1.0" encoding="UTF-8"?>
<!-- Generated by org.testng.reporters.JUnitReportReporter -->
<testsuite skipped="0" hostname="BDC6-DX-J0J7N62" name="packageObjectModel_1.pageFactoryImplementation1" tests="1" failures="0" timestamp="23 Jul 2019 06:51:07 GMT" time="19.516" errors="0">
  <testcase name="f" time="19.516" classname="packageObjectModel_1.pageFactoryImplementation1"/>
</testsuite> <!-- packageObjectModel_1.pageFactoryImplementation1 -->
